[2020-01-15 12:27:05] [info] Start Program:
Path:"D:\\sudoku\\Debug\\sudoku.exe"
Arguments:
Working directory: "D:\\sudoku\\sudoku\\"
Modules: Selected: D:\sudoku\Debug\sudoku.exe D:\sudoku\Debug\UnitTest1.dll Excluded: 
Sources: Selected: D:\sudoku\sudoku D:\sudoku\UnitTest1 Excluded: 
Log Level: Normal
Cover Children: 0
Aggregate by file: 1
Continue after C++ exception: 0
Optimized build support: 0
Export: binary C:\Users\ASUS\AppData\Local\Temp\ehczc5al.xj4 
Input coverage: 
Unified diff: 
Excluded line regular expressions: 
Substitute pdb source paths: 

[2020-01-15 12:27:05] [info] Module: D:\sudoku\Debug\sudoku.exe is selected because it matches selected pattern: 
[2020-01-15 12:27:05] [info] ----------------------------------------------------
[2020-01-15 12:27:05] [info] Coverage binary generated in file: C:\Users\ASUS\AppData\Local\Temp\ehczc5al.xj4
[2020-01-15 12:27:05] [info] ----------------------------------------------------
[2020-01-15 12:27:05] [error] Your program stop with error code: -1
